<?xml version="1.0" encoding="UTF-8"?>
<!-- Generated by org.testng.reporters.JUnitReportReporter -->
<testsuite hostname="HCLLMDU0249" failures="0" tests="1" name="Tests.TC_002_loginScreen" time="6.396" errors="0" timestamp="2024-11-21T17:03:57 IST" skipped="0">
  <testcase classname="Tests.TC_002_loginScreen" name="LoginTest" time="6.396"/>
</testsuite> <!-- Tests.TC_002_loginScreen -->
