<?xml version="1.0" encoding="UTF-8"?>
<!-- Generated by org.testng.reporters.JUnitReportReporter -->
<testsuite hostname="HCLLMDU0249" failures="0" tests="1" name="Tests.TC_001_Registration" time="5.385" errors="0" timestamp="2024-11-21T10:46:04 IST" skipped="0">
  <testcase classname="Tests.TC_001_Registration" name="registrationTest" time="5.385"/>
</testsuite> <!-- Tests.TC_001_Registration -->
